#
# There is insufficient memory for the Java Runtime Environment to continue.
# Native memory allocation (mmap) failed to map 268435456 bytes for Failed to commit area from 0x0000000701400000 to 0x0000000711400000 of length 268435456.
# Possible reasons:
#   The system is out of physical RAM or swap space
#   The process is running with CompressedOops enabled, and the Java Heap may be blocking the growth of the native heap
# Possible solutions:
#   Reduce memory load on the system
#   Increase physical memory or swap space
#   Check if swap backing store is full
#   Decrease Java heap size (-Xmx/-Xms)
#   Decrease number of Java threads
#   Decrease Java thread stack sizes (-Xss)
#   Set larger code cache with -XX:ReservedCodeCacheSize=
# This output file may be truncated or incomplete.
#
#  Out of Memory Error (./src/hotspot/os/windows/os_windows.cpp:3380), pid=25868, tid=28224
#
# JRE version:  (11.0.12+7) (build )
# Java VM: OpenJDK 64-Bit Server VM (11.0.12+7, mixed mode, sharing, tiered, compressed oops, g1 gc, windows-amd64)
# No core dump will be written. Minidumps are not enabled by default on client versions of Windows
#

---------------  S U M M A R Y ------------

Command Line: 

Host: Intel(R) Core(TM) i7-8550U CPU @ 1.80GHz, 8 cores, 15G,  Windows 10 , 64 bit Build 19041 (10.0.19041.1706)
Time: Wed Jun 22 22:04:51 2022 Jordan Daylight Time elapsed time: 0.110722 seconds (0d 0h 0m 0s)

---------------  T H R E A D  ---------------

Current thread (0x000001db81c30000):  JavaThread "Unknown thread" [_thread_in_vm, id=28224, stack(0x000000990ab00000,0x000000990ac00000)]

Stack: [0x000000990ab00000,0x000000990ac00000]
Native frames: (J=compiled Java code, j=interpreted, Vv=VM code, C=native code)
V  [jvm.dll+0x6090fa]
V  [jvm.dll+0x79229e]
V  [jvm.dll+0x79396f]
V  [jvm.dll+0x794033]
V  [jvm.dll+0x24bed8]
V  [jvm.dll+0x60624a]
V  [jvm.dll+0x5facf5]
V  [jvm.dll+0x303b5c]
V  [jvm.dll+0x3039e2]
V  [jvm.dll+0x308706]
V  [jvm.dll+0x34d5cf]
V  [jvm.dll+0x34d000]
V  [jvm.dll+0x2e0c68]
V  [jvm.dll+0x2e1dc6]
V  [jvm.dll+0x76d627]
V  [jvm.dll+0x76edaf]
V  [jvm.dll+0x35a359]
V  [jvm.dll+0x750710]
V  [jvm.dll+0x3c1f8f]
V  [jvm.dll+0x3c4461]
C  [jli.dll+0x5207]
C  [ucrtbase.dll+0x21bb2]
C  [KERNEL32.DLL+0x17034]
C  [ntdll.dll+0x52651]


---------------  P R O C E S S  ---------------

Threads class SMR info:
_java_thread_list=0x000001dbff92fd80, length=0, elements={
}

Java Threads: ( => current thread )

Other Threads:
  0x000001db81c47800 GCTaskThread "GC Thread#0" [stack: 0x000000990ac00000,0x000000990ad00000] [id=7528]
  0x000001db81ca4800 ConcurrentGCThread "G1 Main Marker" [stack: 0x000000990ad00000,0x000000990ae00000] [id=23212]
  0x000001db81ca6000 ConcurrentGCThread "G1 Conc#0" [stack: 0x000000990ae00000,0x000000990af00000] [id=22676]

[error occurred during error reporting (printing all threads), id 0xc0000005, EXCEPTION_ACCESS_VIOLATION (0xc0000005) at pc=0x00007ff9e4b60337]

VM state:not at safepoint (not fully initialized)

VM Mutex/Monitor currently owned by a thread:  ([mutex/lock_event])
[0x000001db81c2aed0] Heap_lock - owner thread: 0x000001db81c30000

Heap address: 0x0000000701400000, size: 4076 MB, Compressed Oops mode: Non-zero based: 0x0000000701400000
Narrow klass base: 0x0000000000000000, Narrow klass shift: 0

GC Heap History (0 events):
No events

Deoptimization events (0 events):
No events

Classes redefined (0 events):
No events

Internal exceptions (0 events):
No events

Events (1 events):
Event: 0.024 Loaded shared library C:\Program Files\Microsoft\jdk-11.0.12.7-hotspot\bin\zip.dll


Dynamic libraries:
0x00007ff782db0000 - 0x00007ff782dbd000 	C:\Program Files\Microsoft\jdk-11.0.12.7-hotspot\bin\java.exe
0x00007ffaa8dd0000 - 0x00007ffaa8fc5000 	C:\WINDOWS\SYSTEM32\ntdll.dll
0x00007ffa8d3f0000 - 0x00007ffa8d406000 	C:\Program Files\Avast Software\Avast\aswhook.dll
0x00007ffaa7e60000 - 0x00007ffaa7f1d000 	C:\WINDOWS\System32\KERNEL32.DLL
0x00007ffaa67c0000 - 0x00007ffaa6a8d000 	C:\WINDOWS\System32\KERNELBASE.dll
0x00007ffaa6650000 - 0x00007ffaa6750000 	C:\WINDOWS\System32\ucrtbase.dll
0x00007ffa58710000 - 0x00007ffa58727000 	C:\Program Files\Microsoft\jdk-11.0.12.7-hotspot\bin\jli.dll
0x00007ffaa7f50000 - 0x00007ffaa80f0000 	C:\WINDOWS\System32\USER32.dll
0x00007ffaa64e0000 - 0x00007ffaa6502000 	C:\WINDOWS\System32\win32u.dll
0x00007ffaa7f20000 - 0x00007ffaa7f4a000 	C:\WINDOWS\System32\GDI32.dll
0x00007ffaa6bf0000 - 0x00007ffaa6cfb000 	C:\WINDOWS\System32\gdi32full.dll
0x00007ffaa6d50000 - 0x00007ffaa6ded000 	C:\WINDOWS\System32\msvcp_win.dll
0x00007ffa586f0000 - 0x00007ffa58705000 	C:\Program Files\Microsoft\jdk-11.0.12.7-hotspot\bin\VCRUNTIME140.dll
0x00007ffa8b560000 - 0x00007ffa8b7fa000 	C:\WINDOWS\WinSxS\amd64_microsoft.windows.common-controls_6595b64144ccf1df_6.0.19041.1110_none_60b5254171f9507e\COMCTL32.dll
0x00007ffaa8900000 - 0x00007ffaa899e000 	C:\WINDOWS\System32\msvcrt.dll
0x00007ffaa88d0000 - 0x00007ffaa8900000 	C:\WINDOWS\System32\IMM32.DLL
0x00007ffa03100000 - 0x00007ffa0319b000 	C:\Program Files\Microsoft\jdk-11.0.12.7-hotspot\bin\msvcp140.dll
0x00007ff9e4870000 - 0x00007ff9e53d1000 	C:\Program Files\Microsoft\jdk-11.0.12.7-hotspot\bin\server\jvm.dll
0x00007ffaa73d0000 - 0x00007ffaa747e000 	C:\WINDOWS\System32\ADVAPI32.dll
0x00007ffaa7020000 - 0x00007ffaa70bc000 	C:\WINDOWS\System32\sechost.dll
0x00007ffaa70c0000 - 0x00007ffaa71e5000 	C:\WINDOWS\System32\RPCRT4.dll
0x00007ffaa7e50000 - 0x00007ffaa7e58000 	C:\WINDOWS\System32\PSAPI.DLL
0x00007ffa93d40000 - 0x00007ffa93d49000 	C:\WINDOWS\SYSTEM32\WSOCK32.dll
0x00007ffaa7480000 - 0x00007ffaa74eb000 	C:\WINDOWS\System32\WS2_32.dll
0x00007ffa8d260000 - 0x00007ffa8d287000 	C:\WINDOWS\SYSTEM32\WINMM.dll
0x00007ffa9bfc0000 - 0x00007ffa9bfca000 	C:\WINDOWS\SYSTEM32\VERSION.dll
0x00007ffaa4d10000 - 0x00007ffaa4d22000 	C:\WINDOWS\SYSTEM32\kernel.appcore.dll
0x00007ffa8c7f0000 - 0x00007ffa8c800000 	C:\Program Files\Microsoft\jdk-11.0.12.7-hotspot\bin\verify.dll
0x00007ffaa4270000 - 0x00007ffaa4454000 	C:\WINDOWS\SYSTEM32\DBGHELP.DLL
0x00007ffa9bc40000 - 0x00007ffa9bc6c000 	C:\WINDOWS\SYSTEM32\dbgcore.DLL
0x00007ffaa6510000 - 0x00007ffaa6592000 	C:\WINDOWS\System32\bcryptPrimitives.dll
0x00007ffa3ec30000 - 0x00007ffa3ec58000 	C:\Program Files\Microsoft\jdk-11.0.12.7-hotspot\bin\java.dll
0x00007ffa81190000 - 0x00007ffa8119a000 	C:\Program Files\Microsoft\jdk-11.0.12.7-hotspot\bin\jimage.dll
0x00007ffa3e9b0000 - 0x00007ffa3e9c7000 	C:\Program Files\Microsoft\jdk-11.0.12.7-hotspot\bin\zip.dll

dbghelp: loaded successfully - version: 4.0.5 - missing functions: none
symbol engine: initialized successfully - sym options: 0x614 - pdb path: .;C:\Program Files\Microsoft\jdk-11.0.12.7-hotspot\bin;C:\WINDOWS\SYSTEM32;C:\Program Files\Avast Software\Avast;C:\WINDOWS\WinSxS\amd64_microsoft.windows.common-controls_6595b64144ccf1df_6.0.19041.1110_none_60b5254171f9507e;C:\Program Files\Microsoft\jdk-11.0.12.7-hotspot\bin\server

VM Arguments:
java_command: <unknown>
java_class_path (initial): <not set>
Launcher Type: SUN_STANDARD

[Global flags]
     intx CICompilerCount                          = 4                                         {product} {ergonomic}
     uint ConcGCThreads                            = 2                                         {product} {ergonomic}
     uint G1ConcRefinementThreads                  = 8                                         {product} {ergonomic}
   size_t G1HeapRegionSize                         = 1048576                                   {product} {ergonomic}
    uintx GCDrainStackTargetSize                   = 64                                        {product} {ergonomic}
   size_t InitialHeapSize                          = 268435456                                 {product} {ergonomic}
   size_t MarkStackSize                            = 4194304                                   {product} {ergonomic}
   size_t MaxHeapSize                              = 4273995776                                {product} {ergonomic}
   size_t MinHeapDeltaBytes                        = 1048576                                   {product} {ergonomic}
    uintx NonNMethodCodeHeapSize                   = 5836300                                {pd product} {ergonomic}
    uintx NonProfiledCodeHeapSize                  = 122910970                              {pd product} {ergonomic}
    uintx ProfiledCodeHeapSize                     = 122910970                              {pd product} {ergonomic}
    uintx ReservedCodeCacheSize                    = 251658240                              {pd product} {ergonomic}
     bool SegmentedCodeCache                       = true                                      {product} {ergonomic}
     bool UseCompressedClassPointers               = true                                 {lp64_product} {ergonomic}
     bool UseCompressedOops                        = true                                 {lp64_product} {ergonomic}
     bool UseG1GC                                  = true                                      {product} {ergonomic}
     bool UseLargePagesIndividualAllocation        = false                                  {pd product} {ergonomic}

Logging:
Log output configuration:
 #0: stdout all=warning uptime,level,tags
 #1: stderr all=off uptime,level,tags

Environment Variables:
JAVA_HOME=C:\Program Files\Microsoft\jdk-11.0.12.7-hotspot
PATH=C:\Program Files\Microsoft\jdk-11.0.12.7-hotspot\bin;C:\Program Files\Java\jdk1.8.0_301\bin;C:\Users\hp\Downloads\openssl-1.0.2q-x64_86-win64;C:\Users\hp\AppData\Local\Programs\Python\Python310\Scripts\;C:\Users\hp\AppData\Local\Programs\Python\Python310\;C:\Program Files\MySQL\MySQL Shell 8.0\bin\;C:\Users\hp\AppData\Local\Microsoft\WindowsApps;C:\Users\hp\AppData\Local\Programs\Microsoft VS Code\bin;C:\Users\hp\.dotnet\tools;C:\Users\hp\AppData\Roaming\npm;C:\Program Files\JetBrains\IntelliJ IDEA Community Edition 2021.2.2\bin;;C:\Program Files\MongoDB\Server\5.0\bin;C:\Users\hp\AppData\Local\GitHubDesktop\bin;C:\Program Files\Java\jdk1.8.0_301\bin;
USERNAME=hp
OS=Windows_NT
PROCESSOR_IDENTIFIER=Intel64 Family 6 Model 142 Stepping 10, GenuineIntel



---------------  S Y S T E M  ---------------

OS: Windows 10 , 64 bit Build 19041 (10.0.19041.1706)
OS uptime: 0 days 23:42 hours
Hyper-V role detected

CPU:total 8 (initial active 8) (4 cores per cpu, 2 threads per core) family 6 model 142 stepping 10 microcode 0xb4, cmov, cx8, fxsr, mmx, sse, sse2, sse3, ssse3, sse4.1, sse4.2, popcnt, avx, avx2, aes, clmul, erms, 3dnowpref, lzcnt, ht, tsc, tscinvbit, bmi1, bmi2, adx, fma

Memory: 4k page, system-wide physical 16300M (2837M free)
TotalPageFile size 19984M (AvailPageFile size 217M)
current process WorkingSet (physical memory assigned to process): 10M, peak: 10M
current process commit charge ("private bytes"): 60M, peak: 316M

vm_info: OpenJDK 64-Bit Server VM (11.0.12+7) for windows-amd64 JRE (11.0.12+7), built on Jul 21 2021 15:41:43 by "" with unknown MS VC++:1916

END.
